0 info it worked if it ends with ok
1 verbose cli [ '/home/victor/.nvm/versions/node/v4.4.5/bin/node',
1 verbose cli   '/home/victor/.nvm/versions/node/v4.4.5/bin/npm',
1 verbose cli   'install',
1 verbose cli   'jekyll-sitemap' ]
2 info using npm@2.15.5
3 info using node@v4.4.5
4 verbose install initial load of /home/victor/Desktop/share@victor/package.json
5 verbose installManyTop reading scoped package data from /home/victor/Desktop/share@victor/node_modules/abbrev/package.json
6 verbose installManyTop reading scoped package data from /home/victor/Desktop/share@victor/node_modules/accepts/package.json
7 verbose installManyTop reading scoped package data from /home/victor/Desktop/share@victor/node_modules/acorn/package.json
8 verbose installManyTop reading scoped package data from /home/victor/Desktop/share@victor/node_modules/acorn-globals/package.json
9 verbose installManyTop reading scoped package data from /home/victor/Desktop/share@victor/node_modules/after/package.json
10 verbose installManyTop reading scoped package data from /home/victor/Desktop/share@victor/node_modules/align-text/package.json
11 verbose installManyTop reading scoped package data from /home/victor/Desktop/share@victor/node_modules/amdefine/package.json
12 verbose installManyTop reading scoped package data from /home/victor/Desktop/share@victor/node_modules/ansi/package.json
13 verbose installManyTop reading scoped package data from /home/victor/Desktop/share@victor/node_modules/ansi-regex/package.json
14 verbose installManyTop reading scoped package data from /home/victor/Desktop/share@victor/node_modules/ansi-styles/package.json
15 verbose installManyTop reading scoped package data from /home/victor/Desktop/share@victor/node_modules/archive-type/package.json
16 verbose installManyTop reading scoped package data from /home/victor/Desktop/share@victor/node_modules/archy/package.json
17 verbose installManyTop reading scoped package data from /home/victor/Desktop/share@victor/node_modules/are-we-there-yet/package.json
18 verbose installManyTop reading scoped package data from /home/victor/Desktop/share@victor/node_modules/argparse/package.json
19 verbose installManyTop reading scoped package data from /home/victor/Desktop/share@victor/node_modules/arr-diff/package.json
20 verbose installManyTop reading scoped package data from /home/victor/Desktop/share@victor/node_modules/arr-flatten/package.json
21 verbose installManyTop reading scoped package data from /home/victor/Desktop/share@victor/node_modules/array-differ/package.json
22 verbose installManyTop reading scoped package data from /home/victor/Desktop/share@victor/node_modules/array-find-index/package.json
23 verbose installManyTop reading scoped package data from /home/victor/Desktop/share@victor/node_modules/array-index/package.json
24 verbose installManyTop reading scoped package data from /home/victor/Desktop/share@victor/node_modules/array-union/package.json
25 verbose installManyTop reading scoped package data from /home/victor/Desktop/share@victor/node_modules/array-uniq/package.json
26 verbose installManyTop reading scoped package data from /home/victor/Desktop/share@victor/node_modules/array-unique/package.json
27 verbose installManyTop reading scoped package data from /home/victor/Desktop/share@victor/node_modules/arraybuffer.slice/package.json
28 verbose installManyTop reading scoped package data from /home/victor/Desktop/share@victor/node_modules/arrify/package.json
29 verbose installManyTop reading scoped package data from /home/victor/Desktop/share@victor/node_modules/asap/package.json
30 verbose installManyTop reading scoped package data from /home/victor/Desktop/share@victor/node_modules/asn1/package.json
31 verbose installManyTop reading scoped package data from /home/victor/Desktop/share@victor/node_modules/assert-plus/package.json
32 verbose installManyTop reading scoped package data from /home/victor/Desktop/share@victor/node_modules/async/package.json
33 verbose installManyTop reading scoped package data from /home/victor/Desktop/share@victor/node_modules/async-each-series/package.json
34 verbose installManyTop reading scoped package data from /home/victor/Desktop/share@victor/node_modules/async-foreach/package.json
35 verbose installManyTop reading scoped package data from /home/victor/Desktop/share@victor/node_modules/autoprefixer-core/package.json
36 verbose installManyTop reading scoped package data from /home/victor/Desktop/share@victor/node_modules/aws-sign2/package.json
37 verbose installManyTop reading scoped package data from /home/victor/Desktop/share@victor/node_modules/backo2/package.json
38 verbose installManyTop reading scoped package data from /home/victor/Desktop/share@victor/node_modules/balanced-match/package.json
39 verbose installManyTop reading scoped package data from /home/victor/Desktop/share@victor/node_modules/base64-arraybuffer/package.json
40 verbose installManyTop reading scoped package data from /home/victor/Desktop/share@victor/node_modules/base64id/package.json
41 verbose installManyTop reading scoped package data from /home/victor/Desktop/share@victor/node_modules/batch/package.json
42 verbose installManyTop reading scoped package data from /home/victor/Desktop/share@victor/node_modules/beeper/package.json
43 verbose installManyTop reading scoped package data from /home/victor/Desktop/share@victor/node_modules/benchmark/package.json
44 verbose installManyTop reading scoped package data from /home/victor/Desktop/share@victor/node_modules/better-assert/package.json
45 verbose installManyTop reading scoped package data from /home/victor/Desktop/share@victor/node_modules/bin-build/package.json
46 verbose installManyTop reading scoped package data from /home/victor/Desktop/share@victor/node_modules/bin-check/package.json
47 verbose installManyTop reading scoped package data from /home/victor/Desktop/share@victor/node_modules/bin-version/package.json
48 verbose installManyTop reading scoped package data from /home/victor/Desktop/share@victor/node_modules/bin-version-check/package.json
49 verbose installManyTop reading scoped package data from /home/victor/Desktop/share@victor/node_modules/bin-wrapper/package.json
50 verbose installManyTop reading scoped package data from /home/victor/Desktop/share@victor/node_modules/bl/package.json
51 verbose installManyTop reading scoped package data from /home/victor/Desktop/share@victor/node_modules/blob/package.json
52 verbose installManyTop reading scoped package data from /home/victor/Desktop/share@victor/node_modules/block-stream/package.json
53 verbose installManyTop reading scoped package data from /home/victor/Desktop/share@victor/node_modules/boom/package.json
54 verbose installManyTop reading scoped package data from /home/victor/Desktop/share@victor/node_modules/brace-expansion/package.json
55 verbose installManyTop reading scoped package data from /home/victor/Desktop/share@victor/node_modules/braces/package.json
56 verbose installManyTop reading scoped package data from /home/victor/Desktop/share@victor/node_modules/browser-sync/package.json
57 verbose installManyTop reading scoped package data from /home/victor/Desktop/share@victor/node_modules/browser-sync-client/package.json
58 verbose installManyTop reading scoped package data from /home/victor/Desktop/share@victor/node_modules/buffer-crc32/package.json
59 verbose installManyTop reading scoped package data from /home/victor/Desktop/share@victor/node_modules/buffer-to-vinyl/package.json
60 verbose installManyTop reading scoped package data from /home/victor/Desktop/share@victor/node_modules/builtin-modules/package.json
61 verbose installManyTop reading scoped package data from /home/victor/Desktop/share@victor/node_modules/callsite/package.json
62 verbose installManyTop reading scoped package data from /home/victor/Desktop/share@victor/node_modules/camelcase/package.json
63 verbose installManyTop reading scoped package data from /home/victor/Desktop/share@victor/node_modules/camelcase-keys/package.json
64 verbose installManyTop reading scoped package data from /home/victor/Desktop/share@victor/node_modules/caniuse-db/package.json
65 verbose installManyTop reading scoped package data from /home/victor/Desktop/share@victor/node_modules/capture-stack-trace/package.json
66 verbose installManyTop reading scoped package data from /home/victor/Desktop/share@victor/node_modules/caseless/package.json
67 verbose installManyTop reading scoped package data from /home/victor/Desktop/share@victor/node_modules/caw/package.json
68 verbose installManyTop reading scoped package data from /home/victor/Desktop/share@victor/node_modules/center-align/package.json
69 verbose installManyTop reading scoped package data from /home/victor/Desktop/share@victor/node_modules/chalk/package.json
70 verbose installManyTop reading scoped package data from /home/victor/Desktop/share@victor/node_modules/character-parser/package.json
71 verbose installManyTop reading scoped package data from /home/victor/Desktop/share@victor/node_modules/clap/package.json
72 verbose installManyTop reading scoped package data from /home/victor/Desktop/share@victor/node_modules/clean-css/package.json
73 verbose installManyTop reading scoped package data from /home/victor/Desktop/share@victor/node_modules/cli/package.json
74 verbose installManyTop reading scoped package data from /home/victor/Desktop/share@victor/node_modules/cliui/package.json
75 verbose installManyTop reading scoped package data from /home/victor/Desktop/share@victor/node_modules/clone/package.json
76 verbose installManyTop reading scoped package data from /home/victor/Desktop/share@victor/node_modules/clone-stats/package.json
77 verbose installManyTop reading scoped package data from /home/victor/Desktop/share@victor/node_modules/co/package.json
78 verbose installManyTop reading scoped package data from /home/victor/Desktop/share@victor/node_modules/coa/package.json
79 verbose installManyTop reading scoped package data from /home/victor/Desktop/share@victor/node_modules/code-point-at/package.json
80 verbose installManyTop reading scoped package data from /home/victor/Desktop/share@victor/node_modules/colors/package.json
81 verbose installManyTop reading scoped package data from /home/victor/Desktop/share@victor/node_modules/combined-stream/package.json
82 verbose installManyTop reading scoped package data from /home/victor/Desktop/share@victor/node_modules/commander/package.json
83 verbose installManyTop reading scoped package data from /home/victor/Desktop/share@victor/node_modules/component-bind/package.json
84 verbose installManyTop reading scoped package data from /home/victor/Desktop/share@victor/node_modules/component-emitter/package.json
85 verbose installManyTop reading scoped package data from /home/victor/Desktop/share@victor/node_modules/component-inherit/package.json
86 verbose installManyTop reading scoped package data from /home/victor/Desktop/share@victor/node_modules/concat-map/package.json
87 verbose installManyTop reading scoped package data from /home/victor/Desktop/share@victor/node_modules/concat-stream/package.json
88 verbose installManyTop reading scoped package data from /home/victor/Desktop/share@victor/node_modules/concat-with-sourcemaps/package.json
89 verbose installManyTop reading scoped package data from /home/victor/Desktop/share@victor/node_modules/connect/package.json
90 verbose installManyTop reading scoped package data from /home/victor/Desktop/share@victor/node_modules/console-browserify/package.json
91 verbose installManyTop reading scoped package data from /home/victor/Desktop/share@victor/node_modules/console-stream/package.json
92 verbose installManyTop reading scoped package data from /home/victor/Desktop/share@victor/node_modules/constantinople/package.json
93 verbose installManyTop reading scoped package data from /home/victor/Desktop/share@victor/node_modules/convert-source-map/package.json
94 verbose installManyTop reading scoped package data from /home/victor/Desktop/share@victor/node_modules/cookie/package.json
95 verbose installManyTop reading scoped package data from /home/victor/Desktop/share@victor/node_modules/core-util-is/package.json
96 verbose installManyTop reading scoped package data from /home/victor/Desktop/share@victor/node_modules/create-error-class/package.json
97 verbose installManyTop reading scoped package data from /home/victor/Desktop/share@victor/node_modules/cross-spawn/package.json
98 verbose installManyTop reading scoped package data from /home/victor/Desktop/share@victor/node_modules/cross-spawn-async/package.json
99 verbose installManyTop reading scoped package data from /home/victor/Desktop/share@victor/node_modules/cryptiles/package.json
100 verbose installManyTop reading scoped package data from /home/victor/Desktop/share@victor/node_modules/css/package.json
101 verbose installManyTop reading scoped package data from /home/victor/Desktop/share@victor/node_modules/css-parse/package.json
102 verbose installManyTop reading scoped package data from /home/victor/Desktop/share@victor/node_modules/css-stringify/package.json
103 verbose installManyTop reading scoped package data from /home/victor/Desktop/share@victor/node_modules/csso/package.json
104 verbose installManyTop reading scoped package data from /home/victor/Desktop/share@victor/node_modules/ctype/package.json
105 verbose installManyTop reading scoped package data from /home/victor/Desktop/share@victor/node_modules/currently-unhandled/package.json
106 verbose installManyTop reading scoped package data from /home/victor/Desktop/share@victor/node_modules/d/package.json
107 verbose installManyTop reading scoped package data from /home/victor/Desktop/share@victor/node_modules/date-now/package.json
108 verbose installManyTop reading scoped package data from /home/victor/Desktop/share@victor/node_modules/dateformat/package.json
109 verbose installManyTop reading scoped package data from /home/victor/Desktop/share@victor/node_modules/deap/package.json
110 verbose installManyTop reading scoped package data from /home/victor/Desktop/share@victor/node_modules/debug/package.json
111 verbose installManyTop reading scoped package data from /home/victor/Desktop/share@victor/node_modules/decamelize/package.json
112 verbose installManyTop reading scoped package data from /home/victor/Desktop/share@victor/node_modules/decompress/package.json
113 verbose installManyTop reading scoped package data from /home/victor/Desktop/share@victor/node_modules/decompress-tar/package.json
114 verbose installManyTop reading scoped package data from /home/victor/Desktop/share@victor/node_modules/decompress-tarbz2/package.json
115 verbose installManyTop reading scoped package data from /home/victor/Desktop/share@victor/node_modules/decompress-targz/package.json
116 verbose installManyTop reading scoped package data from /home/victor/Desktop/share@victor/node_modules/decompress-unzip/package.json
117 verbose installManyTop reading scoped package data from /home/victor/Desktop/share@victor/node_modules/deep-extend/package.json
118 verbose installManyTop reading scoped package data from /home/victor/Desktop/share@victor/node_modules/defaults/package.json
119 verbose installManyTop reading scoped package data from /home/victor/Desktop/share@victor/node_modules/delayed-stream/package.json
120 verbose installManyTop reading scoped package data from /home/victor/Desktop/share@victor/node_modules/delegates/package.json
121 verbose installManyTop reading scoped package data from /home/victor/Desktop/share@victor/node_modules/depd/package.json
122 verbose installManyTop reading scoped package data from /home/victor/Desktop/share@victor/node_modules/deprecated/package.json
123 verbose installManyTop reading scoped package data from /home/victor/Desktop/share@victor/node_modules/destroy/package.json
124 verbose installManyTop reading scoped package data from /home/victor/Desktop/share@victor/node_modules/dev-ip/package.json
125 verbose installManyTop reading scoped package data from /home/victor/Desktop/share@victor/node_modules/dom-serializer/package.json
126 verbose installManyTop reading scoped package data from /home/victor/Desktop/share@victor/node_modules/domelementtype/package.json
127 verbose installManyTop reading scoped package data from /home/victor/Desktop/share@victor/node_modules/domhandler/package.json
128 verbose installManyTop reading scoped package data from /home/victor/Desktop/share@victor/node_modules/domutils/package.json
129 verbose installManyTop reading scoped package data from /home/victor/Desktop/share@victor/node_modules/download/package.json
130 verbose installManyTop reading scoped package data from /home/victor/Desktop/share@victor/node_modules/duplexer2/package.json
131 verbose installManyTop reading scoped package data from /home/victor/Desktop/share@victor/node_modules/duplexify/package.json
132 verbose installManyTop reading scoped package data from /home/victor/Desktop/share@victor/node_modules/each-async/package.json
133 verbose installManyTop reading scoped package data from /home/victor/Desktop/share@victor/node_modules/easy-extender/package.json
134 verbose installManyTop reading scoped package data from /home/victor/Desktop/share@victor/node_modules/eazy-logger/package.json
135 verbose installManyTop reading scoped package data from /home/victor/Desktop/share@victor/node_modules/ee-first/package.json
136 verbose installManyTop reading scoped package data from /home/victor/Desktop/share@victor/node_modules/emitter-steward/package.json
137 verbose installManyTop reading scoped package data from /home/victor/Desktop/share@victor/node_modules/encodeurl/package.json
138 verbose installManyTop reading scoped package data from /home/victor/Desktop/share@victor/node_modules/end-of-stream/package.json
139 verbose installManyTop reading scoped package data from /home/victor/Desktop/share@victor/node_modules/engine.io/package.json
140 verbose installManyTop reading scoped package data from /home/victor/Desktop/share@victor/node_modules/engine.io-client/package.json
141 verbose installManyTop reading scoped package data from /home/victor/Desktop/share@victor/node_modules/engine.io-parser/package.json
142 verbose installManyTop reading scoped package data from /home/victor/Desktop/share@victor/node_modules/entities/package.json
143 verbose installManyTop reading scoped package data from /home/victor/Desktop/share@victor/node_modules/error-ex/package.json
144 verbose installManyTop reading scoped package data from /home/victor/Desktop/share@victor/node_modules/es5-ext/package.json
145 verbose installManyTop reading scoped package data from /home/victor/Desktop/share@victor/node_modules/es6-iterator/package.json
146 verbose installManyTop reading scoped package data from /home/victor/Desktop/share@victor/node_modules/es6-promise/package.json
147 verbose installManyTop reading scoped package data from /home/victor/Desktop/share@victor/node_modules/es6-symbol/package.json
148 verbose installManyTop reading scoped package data from /home/victor/Desktop/share@victor/node_modules/escape-html/package.json
149 verbose installManyTop reading scoped package data from /home/victor/Desktop/share@victor/node_modules/escape-string-regexp/package.json
150 verbose installManyTop reading scoped package data from /home/victor/Desktop/share@victor/node_modules/esprima/package.json
151 verbose installManyTop reading scoped package data from /home/victor/Desktop/share@victor/node_modules/etag/package.json
152 verbose installManyTop reading scoped package data from /home/victor/Desktop/share@victor/node_modules/eventemitter3/package.json
153 verbose installManyTop reading scoped package data from /home/victor/Desktop/share@victor/node_modules/exec-buffer/package.json
154 verbose installManyTop reading scoped package data from /home/victor/Desktop/share@victor/node_modules/exec-series/package.json
155 verbose installManyTop reading scoped package data from /home/victor/Desktop/share@victor/node_modules/execa/package.json
156 verbose installManyTop reading scoped package data from /home/victor/Desktop/share@victor/node_modules/executable/package.json
157 verbose installManyTop reading scoped package data from /home/victor/Desktop/share@victor/node_modules/exit/package.json
158 verbose installManyTop reading scoped package data from /home/victor/Desktop/share@victor/node_modules/expand-brackets/package.json
159 verbose installManyTop reading scoped package data from /home/victor/Desktop/share@victor/node_modules/expand-range/package.json
160 verbose installManyTop reading scoped package data from /home/victor/Desktop/share@victor/node_modules/extend/package.json
161 verbose installManyTop reading scoped package data from /home/victor/Desktop/share@victor/node_modules/extend-shallow/package.json
162 verbose installManyTop reading scoped package data from /home/victor/Desktop/share@victor/node_modules/extglob/package.json
163 verbose installManyTop reading scoped package data from /home/victor/Desktop/share@victor/node_modules/fancy-log/package.json
164 verbose installManyTop reading scoped package data from /home/victor/Desktop/share@victor/node_modules/fd-slicer/package.json
165 verbose installManyTop reading scoped package data from /home/victor/Desktop/share@victor/node_modules/figures/package.json
166 verbose installManyTop reading scoped package data from /home/victor/Desktop/share@victor/node_modules/file-type/package.json
167 verbose installManyTop reading scoped package data from /home/victor/Desktop/share@victor/node_modules/filename-regex/package.json
168 verbose installManyTop reading scoped package data from /home/victor/Desktop/share@victor/node_modules/filename-reserved-regex/package.json
169 verbose installManyTop reading scoped package data from /home/victor/Desktop/share@victor/node_modules/filenamify/package.json
170 verbose installManyTop reading scoped package data from /home/victor/Desktop/share@victor/node_modules/fill-range/package.json
171 verbose installManyTop reading scoped package data from /home/victor/Desktop/share@victor/node_modules/finalhandler/package.json
172 verbose installManyTop reading scoped package data from /home/victor/Desktop/share@victor/node_modules/find-index/package.json
173 verbose installManyTop reading scoped package data from /home/victor/Desktop/share@victor/node_modules/find-up/package.json
174 verbose installManyTop reading scoped package data from /home/victor/Desktop/share@victor/node_modules/find-versions/package.json
175 verbose installManyTop reading scoped package data from /home/victor/Desktop/share@victor/node_modules/findup-sync/package.json
176 verbose installManyTop reading scoped package data from /home/victor/Desktop/share@victor/node_modules/first-chunk-stream/package.json
177 verbose installManyTop reading scoped package data from /home/victor/Desktop/share@victor/node_modules/flagged-respawn/package.json
178 verbose installManyTop reading scoped package data from /home/victor/Desktop/share@victor/node_modules/for-in/package.json
179 verbose installManyTop reading scoped package data from /home/victor/Desktop/share@victor/node_modules/for-own/package.json
180 verbose installManyTop reading scoped package data from /home/victor/Desktop/share@victor/node_modules/forever-agent/package.json
181 verbose installManyTop reading scoped package data from /home/victor/Desktop/share@victor/node_modules/form-data/package.json
182 verbose installManyTop reading scoped package data from /home/victor/Desktop/share@victor/node_modules/foxy/package.json
183 verbose installManyTop reading scoped package data from /home/victor/Desktop/share@victor/node_modules/fresh/package.json
184 verbose installManyTop reading scoped package data from /home/victor/Desktop/share@victor/node_modules/fs.realpath/package.json
185 verbose installManyTop reading scoped package data from /home/victor/Desktop/share@victor/node_modules/fstream/package.json
186 verbose installManyTop reading scoped package data from /home/victor/Desktop/share@victor/node_modules/gauge/package.json
187 verbose installManyTop reading scoped package data from /home/victor/Desktop/share@victor/node_modules/gaze/package.json
188 verbose installManyTop reading scoped package data from /home/victor/Desktop/share@victor/node_modules/generate-function/package.json
189 verbose installManyTop reading scoped package data from /home/victor/Desktop/share@victor/node_modules/generate-object-property/package.json
190 verbose installManyTop reading scoped package data from /home/victor/Desktop/share@victor/node_modules/get-proxy/package.json
191 verbose installManyTop reading scoped package data from /home/victor/Desktop/share@victor/node_modules/get-stdin/package.json
192 verbose installManyTop reading scoped package data from /home/victor/Desktop/share@victor/node_modules/gifsicle/package.json
193 verbose installManyTop reading scoped package data from /home/victor/Desktop/share@victor/node_modules/gift/package.json
194 verbose installManyTop reading scoped package data from /home/victor/Desktop/share@victor/node_modules/github-pages/package.json
195 verbose installManyTop reading scoped package data from /home/victor/Desktop/share@victor/node_modules/glob/package.json
196 verbose installManyTop reading scoped package data from /home/victor/Desktop/share@victor/node_modules/glob-base/package.json
197 verbose installManyTop reading scoped package data from /home/victor/Desktop/share@victor/node_modules/glob-parent/package.json
198 verbose installManyTop reading scoped package data from /home/victor/Desktop/share@victor/node_modules/glob-stream/package.json
199 verbose installManyTop reading scoped package data from /home/victor/Desktop/share@victor/node_modules/glob-watcher/package.json
200 verbose installManyTop reading scoped package data from /home/victor/Desktop/share@victor/node_modules/glob2base/package.json
201 verbose installManyTop reading scoped package data from /home/victor/Desktop/share@victor/node_modules/globby/package.json
202 verbose installManyTop reading scoped package data from /home/victor/Desktop/share@victor/node_modules/globule/package.json
203 verbose installManyTop reading scoped package data from /home/victor/Desktop/share@victor/node_modules/glogg/package.json
204 verbose installManyTop reading scoped package data from /home/victor/Desktop/share@victor/node_modules/got/package.json
205 verbose installManyTop reading scoped package data from /home/victor/Desktop/share@victor/node_modules/graceful-fs/package.json
206 verbose installManyTop reading scoped package data from /home/victor/Desktop/share@victor/node_modules/graceful-readlink/package.json
207 verbose installManyTop reading scoped package data from /home/victor/Desktop/share@victor/node_modules/gulp/package.json
208 verbose installManyTop reading scoped package data from /home/victor/Desktop/share@victor/node_modules/gulp-autoprefixer/package.json
209 verbose installManyTop reading scoped package data from /home/victor/Desktop/share@victor/node_modules/gulp-cache/package.json
210 verbose installManyTop reading scoped package data from /home/victor/Desktop/share@victor/node_modules/gulp-concat/package.json
211 verbose installManyTop reading scoped package data from /home/victor/Desktop/share@victor/node_modules/gulp-decompress/package.json
212 verbose installManyTop reading scoped package data from /home/victor/Desktop/share@victor/node_modules/gulp-gh-pages/package.json
213 verbose installManyTop reading scoped package data from /home/victor/Desktop/share@victor/node_modules/gulp-imagemin/package.json
214 verbose installManyTop reading scoped package data from /home/victor/Desktop/share@victor/node_modules/gulp-jade/package.json
215 verbose installManyTop reading scoped package data from /home/victor/Desktop/share@victor/node_modules/gulp-jshint/package.json
216 verbose installManyTop reading scoped package data from /home/victor/Desktop/share@victor/node_modules/gulp-load-plugins/package.json
217 verbose installManyTop reading scoped package data from /home/victor/Desktop/share@victor/node_modules/gulp-rename/package.json
218 verbose installManyTop reading scoped package data from /home/victor/Desktop/share@victor/node_modules/gulp-sass/package.json
219 verbose installManyTop reading scoped package data from /home/victor/Desktop/share@victor/node_modules/gulp-sourcemaps/package.json
220 verbose installManyTop reading scoped package data from /home/victor/Desktop/share@victor/node_modules/gulp-uglify/package.json
221 verbose installManyTop reading scoped package data from /home/victor/Desktop/share@victor/node_modules/gulp-util/package.json
222 verbose installManyTop reading scoped package data from /home/victor/Desktop/share@victor/node_modules/gulplog/package.json
223 verbose installManyTop reading scoped package data from /home/victor/Desktop/share@victor/node_modules/har-validator/package.json
224 verbose installManyTop reading scoped package data from /home/victor/Desktop/share@victor/node_modules/has-ansi/package.json
225 verbose installManyTop reading scoped package data from /home/victor/Desktop/share@victor/node_modules/has-binary/package.json
226 verbose installManyTop reading scoped package data from /home/victor/Desktop/share@victor/node_modules/has-cors/package.json
227 verbose installManyTop reading scoped package data from /home/victor/Desktop/share@victor/node_modules/has-gulplog/package.json
228 verbose installManyTop reading scoped package data from /home/victor/Desktop/share@victor/node_modules/has-unicode/package.json
229 verbose installManyTop reading scoped package data from /home/victor/Desktop/share@victor/node_modules/hawk/package.json
230 verbose installManyTop reading scoped package data from /home/victor/Desktop/share@victor/node_modules/hoek/package.json
231 verbose installManyTop reading scoped package data from /home/victor/Desktop/share@victor/node_modules/hosted-git-info/package.json
232 verbose installManyTop reading scoped package data from /home/victor/Desktop/share@victor/node_modules/html-comment-regex/package.json
233 verbose installManyTop reading scoped package data from /home/victor/Desktop/share@victor/node_modules/htmlparser2/package.json
234 verbose installManyTop reading scoped package data from /home/victor/Desktop/share@victor/node_modules/http-errors/package.json
235 verbose installManyTop reading scoped package data from /home/victor/Desktop/share@victor/node_modules/http-proxy/package.json
236 verbose installManyTop reading scoped package data from /home/victor/Desktop/share@victor/node_modules/http-signature/package.json
237 verbose installManyTop reading scoped package data from /home/victor/Desktop/share@victor/node_modules/imagemin/package.json
238 verbose installManyTop reading scoped package data from /home/victor/Desktop/share@victor/node_modules/imagemin-gifsicle/package.json
239 verbose installManyTop reading scoped package data from /home/victor/Desktop/share@victor/node_modules/imagemin-jpegtran/package.json
240 verbose installManyTop reading scoped package data from /home/victor/Desktop/share@victor/node_modules/imagemin-optipng/package.json
241 verbose installManyTop reading scoped package data from /home/victor/Desktop/share@victor/node_modules/imagemin-svgo/package.json
242 verbose installManyTop reading scoped package data from /home/victor/Desktop/share@victor/node_modules/immutable/package.json
243 verbose installManyTop reading scoped package data from /home/victor/Desktop/share@victor/node_modules/in-publish/package.json
244 verbose installManyTop reading scoped package data from /home/victor/Desktop/share@victor/node_modules/indent-string/package.json
245 verbose installManyTop reading scoped package data from /home/victor/Desktop/share@victor/node_modules/indexof/package.json
246 verbose installManyTop reading scoped package data from /home/victor/Desktop/share@victor/node_modules/inflight/package.json
247 verbose installManyTop reading scoped package data from /home/victor/Desktop/share@victor/node_modules/inherits/package.json
248 verbose installManyTop reading scoped package data from /home/victor/Desktop/share@victor/node_modules/ini/package.json
249 verbose installManyTop reading scoped package data from /home/victor/Desktop/share@victor/node_modules/interpret/package.json
250 verbose installManyTop reading scoped package data from /home/victor/Desktop/share@victor/node_modules/invert-kv/package.json
251 verbose installManyTop reading scoped package data from /home/victor/Desktop/share@victor/node_modules/ip-regex/package.json
252 verbose installManyTop reading scoped package data from /home/victor/Desktop/share@victor/node_modules/irregular-plurals/package.json
253 verbose installManyTop reading scoped package data from /home/victor/Desktop/share@victor/node_modules/is-absolute/package.json
254 verbose installManyTop reading scoped package data from /home/victor/Desktop/share@victor/node_modules/is-arrayish/package.json
255 verbose installManyTop reading scoped package data from /home/victor/Desktop/share@victor/node_modules/is-buffer/package.json
256 verbose installManyTop reading scoped package data from /home/victor/Desktop/share@victor/node_modules/is-builtin-module/package.json
257 verbose installManyTop reading scoped package data from /home/victor/Desktop/share@victor/node_modules/is-bzip2/package.json
258 verbose installManyTop reading scoped package data from /home/victor/Desktop/share@victor/node_modules/is-dotfile/package.json
259 verbose installManyTop reading scoped package data from /home/victor/Desktop/share@victor/node_modules/is-equal-shallow/package.json
260 verbose installManyTop reading scoped package data from /home/victor/Desktop/share@victor/node_modules/is-extendable/package.json
261 verbose installManyTop reading scoped package data from /home/victor/Desktop/share@victor/node_modules/is-extglob/package.json
262 verbose installManyTop reading scoped package data from /home/victor/Desktop/share@victor/node_modules/is-finite/package.json
263 verbose installManyTop reading scoped package data from /home/victor/Desktop/share@victor/node_modules/is-fullwidth-code-point/package.json
264 verbose installManyTop reading scoped package data from /home/victor/Desktop/share@victor/node_modules/is-gif/package.json
265 verbose installManyTop reading scoped package data from /home/victor/Desktop/share@victor/node_modules/is-glob/package.json
266 verbose installManyTop reading scoped package data from /home/victor/Desktop/share@victor/node_modules/is-gzip/package.json
267 verbose installManyTop reading scoped package data from /home/victor/Desktop/share@victor/node_modules/is-jpg/package.json
268 verbose installManyTop reading scoped package data from /home/victor/Desktop/share@victor/node_modules/is-my-json-valid/package.json
269 verbose installManyTop reading scoped package data from /home/victor/Desktop/share@victor/node_modules/is-natural-number/package.json
270 verbose installManyTop reading scoped package data from /home/victor/Desktop/share@victor/node_modules/is-number/package.json
271 verbose installManyTop reading scoped package data from /home/victor/Desktop/share@victor/node_modules/is-obj/package.json
272 verbose installManyTop reading scoped package data from /home/victor/Desktop/share@victor/node_modules/is-plain-obj/package.json
273 verbose installManyTop reading scoped package data from /home/victor/Desktop/share@victor/node_modules/is-png/package.json
274 verbose installManyTop reading scoped package data from /home/victor/Desktop/share@victor/node_modules/is-posix-bracket/package.json
275 verbose installManyTop reading scoped package data from /home/victor/Desktop/share@victor/node_modules/is-primitive/package.json
276 verbose installManyTop reading scoped package data from /home/victor/Desktop/share@victor/node_modules/is-promise/package.json
277 verbose installManyTop reading scoped package data from /home/victor/Desktop/share@victor/node_modules/is-property/package.json
278 verbose installManyTop reading scoped package data from /home/victor/Desktop/share@victor/node_modules/is-redirect/package.json
279 verbose installManyTop reading scoped package data from /home/victor/Desktop/share@victor/node_modules/is-relative/package.json
280 verbose installManyTop reading scoped package data from /home/victor/Desktop/share@victor/node_modules/is-retry-allowed/package.json
281 verbose installManyTop reading scoped package data from /home/victor/Desktop/share@victor/node_modules/is-stream/package.json
282 verbose installManyTop reading scoped package data from /home/victor/Desktop/share@victor/node_modules/is-svg/package.json
283 verbose installManyTop reading scoped package data from /home/victor/Desktop/share@victor/node_modules/is-tar/package.json
284 verbose installManyTop reading scoped package data from /home/victor/Desktop/share@victor/node_modules/is-url/package.json
285 verbose installManyTop reading scoped package data from /home/victor/Desktop/share@victor/node_modules/is-utf8/package.json
286 verbose installManyTop reading scoped package data from /home/victor/Desktop/share@victor/node_modules/is-valid-glob/package.json
287 verbose installManyTop reading scoped package data from /home/victor/Desktop/share@victor/node_modules/is-zip/package.json
288 verbose installManyTop reading scoped package data from /home/victor/Desktop/share@victor/node_modules/isarray/package.json
289 verbose installManyTop reading scoped package data from /home/victor/Desktop/share@victor/node_modules/isexe/package.json
290 verbose installManyTop reading scoped package data from /home/victor/Desktop/share@victor/node_modules/isobject/package.json
291 verbose installManyTop reading scoped package data from /home/victor/Desktop/share@victor/node_modules/isstream/package.json
292 verbose installManyTop reading scoped package data from /home/victor/Desktop/share@victor/node_modules/jade/package.json
293 verbose installManyTop reading scoped package data from /home/victor/Desktop/share@victor/node_modules/jpegtran-bin/package.json
294 verbose installManyTop reading scoped package data from /home/victor/Desktop/share@victor/node_modules/js-base64/package.json
295 verbose installManyTop reading scoped package data from /home/victor/Desktop/share@victor/node_modules/js-yaml/package.json
296 verbose installManyTop reading scoped package data from /home/victor/Desktop/share@victor/node_modules/jshint/package.json
297 verbose installManyTop reading scoped package data from /home/victor/Desktop/share@victor/node_modules/json-stable-stringify/package.json
298 verbose installManyTop reading scoped package data from /home/victor/Desktop/share@victor/node_modules/json-stringify-safe/package.json
299 verbose installManyTop reading scoped package data from /home/victor/Desktop/share@victor/node_modules/json3/package.json
300 verbose installManyTop reading scoped package data from /home/victor/Desktop/share@victor/node_modules/jsonify/package.json
301 verbose installManyTop reading scoped package data from /home/victor/Desktop/share@victor/node_modules/jsonpointer/package.json
302 verbose installManyTop reading scoped package data from /home/victor/Desktop/share@victor/node_modules/jstransformer/package.json
303 verbose installManyTop reading scoped package data from /home/victor/Desktop/share@victor/node_modules/kind-of/package.json
304 verbose installManyTop reading scoped package data from /home/victor/Desktop/share@victor/node_modules/lazy-cache/package.json
305 verbose installManyTop reading scoped package data from /home/victor/Desktop/share@victor/node_modules/lazy-req/package.json
306 verbose installManyTop reading scoped package data from /home/victor/Desktop/share@victor/node_modules/lazystream/package.json
307 verbose installManyTop reading scoped package data from /home/victor/Desktop/share@victor/node_modules/lcid/package.json
308 verbose installManyTop reading scoped package data from /home/victor/Desktop/share@victor/node_modules/liftoff/package.json
309 verbose installManyTop reading scoped package data from /home/victor/Desktop/share@victor/node_modules/load-json-file/package.json
310 verbose installManyTop reading scoped package data from /home/victor/Desktop/share@victor/node_modules/localtunnel/package.json
311 verbose installManyTop reading scoped package data from /home/victor/Desktop/share@victor/node_modules/lodash/package.json
312 verbose installManyTop reading scoped package data from /home/victor/Desktop/share@victor/node_modules/lodash._baseclone/package.json
313 verbose installManyTop reading scoped package data from /home/victor/Desktop/share@victor/node_modules/lodash._basecopy/package.json
314 verbose installManyTop reading scoped package data from /home/victor/Desktop/share@victor/node_modules/lodash._baseslice/package.json
315 verbose installManyTop reading scoped package data from /home/victor/Desktop/share@victor/node_modules/lodash._basetostring/package.json
316 verbose installManyTop reading scoped package data from /home/victor/Desktop/share@victor/node_modules/lodash._basevalues/package.json
317 verbose installManyTop reading scoped package data from /home/victor/Desktop/share@victor/node_modules/lodash._getnative/package.json
318 verbose installManyTop reading scoped package data from /home/victor/Desktop/share@victor/node_modules/lodash._isiterateecall/package.json
319 verbose installManyTop reading scoped package data from /home/victor/Desktop/share@victor/node_modules/lodash._reescape/package.json
320 verbose installManyTop reading scoped package data from /home/victor/Desktop/share@victor/node_modules/lodash._reevaluate/package.json
321 verbose installManyTop reading scoped package data from /home/victor/Desktop/share@victor/node_modules/lodash._reinterpolate/package.json
322 verbose installManyTop reading scoped package data from /home/victor/Desktop/share@victor/node_modules/lodash._root/package.json
323 verbose installManyTop reading scoped package data from /home/victor/Desktop/share@victor/node_modules/lodash.assign/package.json
324 verbose installManyTop reading scoped package data from /home/victor/Desktop/share@victor/node_modules/lodash.clonedeep/package.json
325 verbose installManyTop reading scoped package data from /home/victor/Desktop/share@victor/node_modules/lodash.escape/package.json
326 verbose installManyTop reading scoped package data from /home/victor/Desktop/share@victor/node_modules/lodash.isarguments/package.json
327 verbose installManyTop reading scoped package data from /home/victor/Desktop/share@victor/node_modules/lodash.isarray/package.json
328 verbose installManyTop reading scoped package data from /home/victor/Desktop/share@victor/node_modules/lodash.isequal/package.json
329 verbose installManyTop reading scoped package data from /home/victor/Desktop/share@victor/node_modules/lodash.keys/package.json
330 verbose installManyTop reading scoped package data from /home/victor/Desktop/share@victor/node_modules/lodash.pad/package.json
331 verbose installManyTop reading scoped package data from /home/victor/Desktop/share@victor/node_modules/lodash.padend/package.json
332 verbose installManyTop reading scoped package data from /home/victor/Desktop/share@victor/node_modules/lodash.padstart/package.json
333 verbose installManyTop reading scoped package data from /home/victor/Desktop/share@victor/node_modules/lodash.rest/package.json
334 verbose installManyTop reading scoped package data from /home/victor/Desktop/share@victor/node_modules/lodash.restparam/package.json
335 verbose installManyTop reading scoped package data from /home/victor/Desktop/share@victor/node_modules/lodash.template/package.json
336 verbose installManyTop reading scoped package data from /home/victor/Desktop/share@victor/node_modules/lodash.templatesettings/package.json
337 verbose installManyTop reading scoped package data from /home/victor/Desktop/share@victor/node_modules/lodash.tostring/package.json
338 verbose installManyTop reading scoped package data from /home/victor/Desktop/share@victor/node_modules/logalot/package.json
339 verbose installManyTop reading scoped package data from /home/victor/Desktop/share@victor/node_modules/longest/package.json
340 verbose installManyTop reading scoped package data from /home/victor/Desktop/share@victor/node_modules/loud-rejection/package.json
341 verbose installManyTop reading scoped package data from /home/victor/Desktop/share@victor/node_modules/lowercase-keys/package.json
342 verbose installManyTop reading scoped package data from /home/victor/Desktop/share@victor/node_modules/lpad/package.json
343 verbose installManyTop reading scoped package data from /home/victor/Desktop/share@victor/node_modules/lpad-align/package.json
344 verbose installManyTop reading scoped package data from /home/victor/Desktop/share@victor/node_modules/lru-cache/package.json
345 verbose installManyTop reading scoped package data from /home/victor/Desktop/share@victor/node_modules/map-obj/package.json
346 verbose installManyTop reading scoped package data from /home/victor/Desktop/share@victor/node_modules/meow/package.json
347 verbose installManyTop reading scoped package data from /home/victor/Desktop/share@victor/node_modules/merge-stream/package.json
348 verbose installManyTop reading scoped package data from /home/victor/Desktop/share@victor/node_modules/micromatch/package.json
349 verbose installManyTop reading scoped package data from /home/victor/Desktop/share@victor/node_modules/mime/package.json
350 verbose installManyTop reading scoped package data from /home/victor/Desktop/share@victor/node_modules/mime-db/package.json
351 verbose installManyTop reading scoped package data from /home/victor/Desktop/share@victor/node_modules/mime-types/package.json
352 verbose installManyTop reading scoped package data from /home/victor/Desktop/share@victor/node_modules/minimatch/package.json
353 verbose installManyTop reading scoped package data from /home/victor/Desktop/share@victor/node_modules/minimist/package.json
354 verbose installManyTop reading scoped package data from /home/victor/Desktop/share@victor/node_modules/mkdirp/package.json
355 verbose installManyTop reading scoped package data from /home/victor/Desktop/share@victor/node_modules/ms/package.json
356 verbose installManyTop reading scoped package data from /home/victor/Desktop/share@victor/node_modules/multipipe/package.json
357 verbose installManyTop reading scoped package data from /home/victor/Desktop/share@victor/node_modules/nan/package.json
358 verbose installManyTop reading scoped package data from /home/victor/Desktop/share@victor/node_modules/negotiator/package.json
359 verbose installManyTop reading scoped package data from /home/victor/Desktop/share@victor/node_modules/node-gyp/package.json
360 verbose installManyTop reading scoped package data from /home/victor/Desktop/share@victor/node_modules/node-sass/package.json
361 verbose installManyTop reading scoped package data from /home/victor/Desktop/share@victor/node_modules/node-status-codes/package.json
362 verbose installManyTop reading scoped package data from /home/victor/Desktop/share@victor/node_modules/node-uuid/package.json
363 verbose installManyTop reading scoped package data from /home/victor/Desktop/share@victor/node_modules/nopt/package.json
364 verbose installManyTop reading scoped package data from /home/victor/Desktop/share@victor/node_modules/normalize-package-data/package.json
365 verbose installManyTop reading scoped package data from /home/victor/Desktop/share@victor/node_modules/normalize-path/package.json
366 verbose installManyTop reading scoped package data from /home/victor/Desktop/share@victor/node_modules/npm-run-path/package.json
367 verbose installManyTop reading scoped package data from /home/victor/Desktop/share@victor/node_modules/npmlog/package.json
368 verbose installManyTop reading scoped package data from /home/victor/Desktop/share@victor/node_modules/number-is-nan/package.json
369 verbose installManyTop reading scoped package data from /home/victor/Desktop/share@victor/node_modules/oauth-sign/package.json
370 verbose installManyTop reading scoped package data from /home/victor/Desktop/share@victor/node_modules/object-assign/package.json
371 verbose installManyTop reading scoped package data from /home/victor/Desktop/share@victor/node_modules/object-component/package.json
372 verbose installManyTop reading scoped package data from /home/victor/Desktop/share@victor/node_modules/object-path/package.json
373 verbose installManyTop reading scoped package data from /home/victor/Desktop/share@victor/node_modules/object.omit/package.json
374 verbose installManyTop reading scoped package data from /home/victor/Desktop/share@victor/node_modules/on-finished/package.json
375 verbose installManyTop reading scoped package data from /home/victor/Desktop/share@victor/node_modules/once/package.json
376 verbose installManyTop reading scoped package data from /home/victor/Desktop/share@victor/node_modules/onetime/package.json
377 verbose installManyTop reading scoped package data from /home/victor/Desktop/share@victor/node_modules/openurl/package.json
378 verbose installManyTop reading scoped package data from /home/victor/Desktop/share@victor/node_modules/opn/package.json
379 verbose installManyTop reading scoped package data from /home/victor/Desktop/share@victor/node_modules/opt-merger/package.json
380 verbose installManyTop reading scoped package data from /home/victor/Desktop/share@victor/node_modules/optimist/package.json
381 verbose installManyTop reading scoped package data from /home/victor/Desktop/share@victor/node_modules/options/package.json
382 verbose installManyTop reading scoped package data from /home/victor/Desktop/share@victor/node_modules/optipng-bin/package.json
383 verbose installManyTop reading scoped package data from /home/victor/Desktop/share@victor/node_modules/orchestrator/package.json
384 verbose installManyTop reading scoped package data from /home/victor/Desktop/share@victor/node_modules/ordered-read-streams/package.json
385 verbose installManyTop reading scoped package data from /home/victor/Desktop/share@victor/node_modules/os-filter-obj/package.json
386 verbose installManyTop reading scoped package data from /home/victor/Desktop/share@victor/node_modules/os-homedir/package.json
387 verbose installManyTop reading scoped package data from /home/victor/Desktop/share@victor/node_modules/os-locale/package.json
388 verbose installManyTop reading scoped package data from /home/victor/Desktop/share@victor/node_modules/os-tmpdir/package.json
389 verbose installManyTop reading scoped package data from /home/victor/Desktop/share@victor/node_modules/osenv/package.json
390 verbose installManyTop reading scoped package data from /home/victor/Desktop/share@victor/node_modules/parse-glob/package.json
391 verbose installManyTop reading scoped package data from /home/victor/Desktop/share@victor/node_modules/parse-json/package.json
392 verbose installManyTop reading scoped package data from /home/victor/Desktop/share@victor/node_modules/parsejson/package.json
393 verbose installManyTop reading scoped package data from /home/victor/Desktop/share@victor/node_modules/parseqs/package.json
394 verbose installManyTop reading scoped package data from /home/victor/Desktop/share@victor/node_modules/parseuri/package.json
395 verbose installManyTop reading scoped package data from /home/victor/Desktop/share@victor/node_modules/parseurl/package.json
396 verbose installManyTop reading scoped package data from /home/victor/Desktop/share@victor/node_modules/path-array/package.json
397 verbose installManyTop reading scoped package data from /home/victor/Desktop/share@victor/node_modules/path-exists/package.json
398 verbose installManyTop reading scoped package data from /home/victor/Desktop/share@victor/node_modules/path-is-absolute/package.json
399 verbose installManyTop reading scoped package data from /home/victor/Desktop/share@victor/node_modules/path-key/package.json
400 verbose installManyTop reading scoped package data from /home/victor/Desktop/share@victor/node_modules/path-type/package.json
401 verbose installManyTop reading scoped package data from /home/victor/Desktop/share@victor/node_modules/pend/package.json
402 verbose installManyTop reading scoped package data from /home/victor/Desktop/share@victor/node_modules/pify/package.json
403 verbose installManyTop reading scoped package data from /home/victor/Desktop/share@victor/node_modules/pinkie/package.json
404 verbose installManyTop reading scoped package data from /home/victor/Desktop/share@victor/node_modules/pinkie-promise/package.json
405 verbose installManyTop reading scoped package data from /home/victor/Desktop/share@victor/node_modules/pkg-conf/package.json
406 verbose installManyTop reading scoped package data from /home/victor/Desktop/share@victor/node_modules/plur/package.json
407 verbose installManyTop reading scoped package data from /home/victor/Desktop/share@victor/node_modules/portscanner/package.json
408 verbose installManyTop reading scoped package data from /home/victor/Desktop/share@victor/node_modules/portscanner-plus/package.json
409 verbose installManyTop reading scoped package data from /home/victor/Desktop/share@victor/node_modules/postcss/package.json
410 verbose installManyTop reading scoped package data from /home/victor/Desktop/share@victor/node_modules/prepend-http/package.json
411 verbose installManyTop reading scoped package data from /home/victor/Desktop/share@victor/node_modules/preserve/package.json
412 verbose installManyTop reading scoped package data from /home/victor/Desktop/share@victor/node_modules/pretty-bytes/package.json
413 verbose installManyTop reading scoped package data from /home/victor/Desktop/share@victor/node_modules/pretty-hrtime/package.json
414 verbose installManyTop reading scoped package data from /home/victor/Desktop/share@victor/node_modules/process-nextick-args/package.json
415 verbose installManyTop reading scoped package data from /home/victor/Desktop/share@victor/node_modules/promise/package.json
416 verbose installManyTop reading scoped package data from /home/victor/Desktop/share@victor/node_modules/promise.pipe/package.json
417 verbose installManyTop reading scoped package data from /home/victor/Desktop/share@victor/node_modules/pseudomap/package.json
418 verbose installManyTop reading scoped package data from /home/victor/Desktop/share@victor/node_modules/q/package.json
419 verbose installManyTop reading scoped package data from /home/victor/Desktop/share@victor/node_modules/qs/package.json
420 verbose installManyTop reading scoped package data from /home/victor/Desktop/share@victor/node_modules/randomatic/package.json
421 verbose installManyTop reading scoped package data from /home/victor/Desktop/share@victor/node_modules/range-parser/package.json
422 verbose installManyTop reading scoped package data from /home/victor/Desktop/share@victor/node_modules/rc/package.json
423 verbose installManyTop reading scoped package data from /home/victor/Desktop/share@victor/node_modules/rcfinder/package.json
424 verbose installManyTop reading scoped package data from /home/victor/Desktop/share@victor/node_modules/rcloader/package.json
425 verbose installManyTop reading scoped package data from /home/victor/Desktop/share@victor/node_modules/read-all-stream/package.json
426 verbose installManyTop reading scoped package data from /home/victor/Desktop/share@victor/node_modules/read-pkg/package.json
427 verbose installManyTop reading scoped package data from /home/victor/Desktop/share@victor/node_modules/read-pkg-up/package.json
428 verbose installManyTop reading scoped package data from /home/victor/Desktop/share@victor/node_modules/readable-stream/package.json
429 verbose installManyTop reading scoped package data from /home/victor/Desktop/share@victor/node_modules/rechoir/package.json
430 verbose installManyTop reading scoped package data from /home/victor/Desktop/share@victor/node_modules/redent/package.json
431 verbose installManyTop reading scoped package data from /home/victor/Desktop/share@victor/node_modules/regex-cache/package.json
432 verbose installManyTop reading scoped package data from /home/victor/Desktop/share@victor/node_modules/repeat-element/package.json
433 verbose installManyTop reading scoped package data from /home/victor/Desktop/share@victor/node_modules/repeat-string/package.json
434 verbose installManyTop reading scoped package data from /home/victor/Desktop/share@victor/node_modules/repeating/package.json
435 verbose installManyTop reading scoped package data from /home/victor/Desktop/share@victor/node_modules/replace-ext/package.json
436 verbose installManyTop reading scoped package data from /home/victor/Desktop/share@victor/node_modules/request/package.json
437 verbose installManyTop reading scoped package data from /home/victor/Desktop/share@victor/node_modules/require-main-filename/package.json
438 verbose installManyTop reading scoped package data from /home/victor/Desktop/share@victor/node_modules/requires-port/package.json
439 verbose installManyTop reading scoped package data from /home/victor/Desktop/share@victor/node_modules/resolve/package.json
440 verbose installManyTop reading scoped package data from /home/victor/Desktop/share@victor/node_modules/resp-modifier/package.json
441 verbose installManyTop reading scoped package data from /home/victor/Desktop/share@victor/node_modules/right-align/package.json
442 verbose installManyTop reading scoped package data from /home/victor/Desktop/share@victor/node_modules/rimraf/package.json
443 verbose installManyTop reading scoped package data from /home/victor/Desktop/share@victor/node_modules/sass-graph/package.json
444 verbose installManyTop reading scoped package data from /home/victor/Desktop/share@victor/node_modules/sax/package.json
445 verbose installManyTop reading scoped package data from /home/victor/Desktop/share@victor/node_modules/seek-bzip/package.json
446 verbose installManyTop reading scoped package data from /home/victor/Desktop/share@victor/node_modules/semver/package.json
447 verbose installManyTop reading scoped package data from /home/victor/Desktop/share@victor/node_modules/semver-regex/package.json
448 verbose installManyTop reading scoped package data from /home/victor/Desktop/share@victor/node_modules/semver-truncate/package.json
449 verbose installManyTop reading scoped package data from /home/victor/Desktop/share@victor/node_modules/send/package.json
450 verbose installManyTop reading scoped package data from /home/victor/Desktop/share@victor/node_modules/sequencify/package.json
451 verbose installManyTop reading scoped package data from /home/victor/Desktop/share@victor/node_modules/serve-index/package.json
452 verbose installManyTop reading scoped package data from /home/victor/Desktop/share@victor/node_modules/serve-static/package.json
453 verbose installManyTop reading scoped package data from /home/victor/Desktop/share@victor/node_modules/set-blocking/package.json
454 verbose installManyTop reading scoped package data from /home/victor/Desktop/share@victor/node_modules/set-immediate-shim/package.json
455 verbose installManyTop reading scoped package data from /home/victor/Desktop/share@victor/node_modules/setprototypeof/package.json
456 verbose installManyTop reading scoped package data from /home/victor/Desktop/share@victor/node_modules/shelljs/package.json
457 verbose installManyTop reading scoped package data from /home/victor/Desktop/share@victor/node_modules/sigmund/package.json
458 verbose installManyTop reading scoped package data from /home/victor/Desktop/share@victor/node_modules/signal-exit/package.json
459 verbose installManyTop reading scoped package data from /home/victor/Desktop/share@victor/node_modules/sntp/package.json
460 verbose installManyTop reading scoped package data from /home/victor/Desktop/share@victor/node_modules/socket.io/package.json
461 verbose installManyTop reading scoped package data from /home/victor/Desktop/share@victor/node_modules/socket.io-adapter/package.json
462 verbose installManyTop reading scoped package data from /home/victor/Desktop/share@victor/node_modules/socket.io-client/package.json
463 verbose installManyTop reading scoped package data from /home/victor/Desktop/share@victor/node_modules/socket.io-parser/package.json
464 verbose installManyTop reading scoped package data from /home/victor/Desktop/share@victor/node_modules/source-map/package.json
465 verbose installManyTop reading scoped package data from /home/victor/Desktop/share@victor/node_modules/sparkles/package.json
466 verbose installManyTop reading scoped package data from /home/victor/Desktop/share@victor/node_modules/spdx-correct/package.json
467 verbose installManyTop reading scoped package data from /home/victor/Desktop/share@victor/node_modules/spdx-exceptions/package.json
468 verbose installManyTop reading scoped package data from /home/victor/Desktop/share@victor/node_modules/spdx-expression-parse/package.json
469 verbose installManyTop reading scoped package data from /home/victor/Desktop/share@victor/node_modules/spdx-license-ids/package.json
470 verbose installManyTop reading scoped package data from /home/victor/Desktop/share@victor/node_modules/sprintf-js/package.json
471 verbose installManyTop reading scoped package data from /home/victor/Desktop/share@victor/node_modules/squeak/package.json
472 verbose installManyTop reading scoped package data from /home/victor/Desktop/share@victor/node_modules/stat-mode/package.json
473 verbose installManyTop reading scoped package data from /home/victor/Desktop/share@victor/node_modules/statuses/package.json
474 verbose installManyTop reading scoped package data from /home/victor/Desktop/share@victor/node_modules/stream-combiner2/package.json
475 verbose installManyTop reading scoped package data from /home/victor/Desktop/share@victor/node_modules/stream-consume/package.json
476 verbose installManyTop reading scoped package data from /home/victor/Desktop/share@victor/node_modules/string-width/package.json
477 verbose installManyTop reading scoped package data from /home/victor/Desktop/share@victor/node_modules/string_decoder/package.json
478 verbose installManyTop reading scoped package data from /home/victor/Desktop/share@victor/node_modules/stringstream/package.json
479 verbose installManyTop reading scoped package data from /home/victor/Desktop/share@victor/node_modules/strip-ansi/package.json
480 verbose installManyTop reading scoped package data from /home/victor/Desktop/share@victor/node_modules/strip-bom/package.json
481 verbose installManyTop reading scoped package data from /home/victor/Desktop/share@victor/node_modules/strip-bom-stream/package.json
482 verbose installManyTop reading scoped package data from /home/victor/Desktop/share@victor/node_modules/strip-dirs/package.json
483 verbose installManyTop reading scoped package data from /home/victor/Desktop/share@victor/node_modules/strip-eof/package.json
484 verbose installManyTop reading scoped package data from /home/victor/Desktop/share@victor/node_modules/strip-indent/package.json
485 verbose installManyTop reading scoped package data from /home/victor/Desktop/share@victor/node_modules/strip-json-comments/package.json
486 verbose installManyTop reading scoped package data from /home/victor/Desktop/share@victor/node_modules/strip-outer/package.json
487 verbose installManyTop reading scoped package data from /home/victor/Desktop/share@victor/node_modules/sum-up/package.json
488 verbose installManyTop reading scoped package data from /home/victor/Desktop/share@victor/node_modules/supports-color/package.json
489 verbose installManyTop reading scoped package data from /home/victor/Desktop/share@victor/node_modules/svgo/package.json
490 verbose installManyTop reading scoped package data from /home/victor/Desktop/share@victor/node_modules/symbol/package.json
491 verbose installManyTop reading scoped package data from /home/victor/Desktop/share@victor/node_modules/tar/package.json
492 verbose installManyTop reading scoped package data from /home/victor/Desktop/share@victor/node_modules/tar-stream/package.json
493 verbose installManyTop reading scoped package data from /home/victor/Desktop/share@victor/node_modules/tempfile/package.json
494 verbose installManyTop reading scoped package data from /home/victor/Desktop/share@victor/node_modules/tfunk/package.json
495 verbose installManyTop reading scoped package data from /home/victor/Desktop/share@victor/node_modules/through2/package.json
496 verbose installManyTop reading scoped package data from /home/victor/Desktop/share@victor/node_modules/through2-concurrent/package.json
497 verbose installManyTop reading scoped package data from /home/victor/Desktop/share@victor/node_modules/through2-filter/package.json
498 verbose installManyTop reading scoped package data from /home/victor/Desktop/share@victor/node_modules/tildify/package.json
499 verbose installManyTop reading scoped package data from /home/victor/Desktop/share@victor/node_modules/time-stamp/package.json
500 verbose installManyTop reading scoped package data from /home/victor/Desktop/share@victor/node_modules/timed-out/package.json
501 verbose installManyTop reading scoped package data from /home/victor/Desktop/share@victor/node_modules/to-absolute-glob/package.json
502 verbose installManyTop reading scoped package data from /home/victor/Desktop/share@victor/node_modules/to-array/package.json
503 verbose installManyTop reading scoped package data from /home/victor/Desktop/share@victor/node_modules/tough-cookie/package.json
504 verbose installManyTop reading scoped package data from /home/victor/Desktop/share@victor/node_modules/transformers/package.json
505 verbose installManyTop reading scoped package data from /home/victor/Desktop/share@victor/node_modules/trim-newlines/package.json
506 verbose installManyTop reading scoped package data from /home/victor/Desktop/share@victor/node_modules/trim-repeated/package.json
507 verbose installManyTop reading scoped package data from /home/victor/Desktop/share@victor/node_modules/tunnel-agent/package.json
508 verbose installManyTop reading scoped package data from /home/victor/Desktop/share@victor/node_modules/typedarray/package.json
509 verbose installManyTop reading scoped package data from /home/victor/Desktop/share@victor/node_modules/ua-parser-js/package.json
510 verbose installManyTop reading scoped package data from /home/victor/Desktop/share@victor/node_modules/uglify-js/package.json
511 verbose installManyTop reading scoped package data from /home/victor/Desktop/share@victor/node_modules/uglify-save-license/package.json
512 verbose installManyTop reading scoped package data from /home/victor/Desktop/share@victor/node_modules/uglify-to-browserify/package.json
513 verbose installManyTop reading scoped package data from /home/victor/Desktop/share@victor/node_modules/ultron/package.json
514 verbose installManyTop reading scoped package data from /home/victor/Desktop/share@victor/node_modules/underscore/package.json
515 verbose installManyTop reading scoped package data from /home/victor/Desktop/share@victor/node_modules/unique-stream/package.json
516 verbose installManyTop reading scoped package data from /home/victor/Desktop/share@victor/node_modules/unpipe/package.json
517 verbose installManyTop reading scoped package data from /home/victor/Desktop/share@victor/node_modules/unzip-response/package.json
518 verbose installManyTop reading scoped package data from /home/victor/Desktop/share@victor/node_modules/url-parse-lax/package.json
519 verbose installManyTop reading scoped package data from /home/victor/Desktop/share@victor/node_modules/url-regex/package.json
520 verbose installManyTop reading scoped package data from /home/victor/Desktop/share@victor/node_modules/user-home/package.json
521 verbose installManyTop reading scoped package data from /home/victor/Desktop/share@victor/node_modules/utf8/package.json
522 verbose installManyTop reading scoped package data from /home/victor/Desktop/share@victor/node_modules/util-deprecate/package.json
523 verbose installManyTop reading scoped package data from /home/victor/Desktop/share@victor/node_modules/utils-merge/package.json
524 verbose installManyTop reading scoped package data from /home/victor/Desktop/share@victor/node_modules/uuid/package.json
525 verbose installManyTop reading scoped package data from /home/victor/Desktop/share@victor/node_modules/v8flags/package.json
526 verbose installManyTop reading scoped package data from /home/victor/Desktop/share@victor/node_modules/vali-date/package.json
527 verbose installManyTop reading scoped package data from /home/victor/Desktop/share@victor/node_modules/validate-npm-package-license/package.json
528 verbose installManyTop reading scoped package data from /home/victor/Desktop/share@victor/node_modules/vinyl/package.json
529 verbose installManyTop reading scoped package data from /home/victor/Desktop/share@victor/node_modules/vinyl-assign/package.json
530 verbose installManyTop reading scoped package data from /home/victor/Desktop/share@victor/node_modules/vinyl-fs/package.json
531 verbose installManyTop reading scoped package data from /home/victor/Desktop/share@victor/node_modules/vinyl-sourcemaps-apply/package.json
532 verbose installManyTop reading scoped package data from /home/victor/Desktop/share@victor/node_modules/void-elements/package.json
533 verbose installManyTop reading scoped package data from /home/victor/Desktop/share@victor/node_modules/ware/package.json
534 verbose installManyTop reading scoped package data from /home/victor/Desktop/share@victor/node_modules/whet.extend/package.json
535 verbose installManyTop reading scoped package data from /home/victor/Desktop/share@victor/node_modules/which/package.json
536 verbose installManyTop reading scoped package data from /home/victor/Desktop/share@victor/node_modules/window-size/package.json
537 verbose installManyTop reading scoped package data from /home/victor/Desktop/share@victor/node_modules/with/package.json
538 verbose installManyTop reading scoped package data from /home/victor/Desktop/share@victor/node_modules/wordwrap/package.json
539 verbose installManyTop reading scoped package data from /home/victor/Desktop/share@victor/node_modules/wrap-ansi/package.json
540 verbose installManyTop reading scoped package data from /home/victor/Desktop/share@victor/node_modules/wrap-fn/package.json
541 verbose installManyTop reading scoped package data from /home/victor/Desktop/share@victor/node_modules/wrap-promise/package.json
542 verbose installManyTop reading scoped package data from /home/victor/Desktop/share@victor/node_modules/wrappy/package.json
543 verbose installManyTop reading scoped package data from /home/victor/Desktop/share@victor/node_modules/ws/package.json
544 verbose installManyTop reading scoped package data from /home/victor/Desktop/share@victor/node_modules/xmlhttprequest-ssl/package.json
545 verbose installManyTop reading scoped package data from /home/victor/Desktop/share@victor/node_modules/xtend/package.json
546 verbose installManyTop reading scoped package data from /home/victor/Desktop/share@victor/node_modules/y18n/package.json
547 verbose installManyTop reading scoped package data from /home/victor/Desktop/share@victor/node_modules/yallist/package.json
548 verbose installManyTop reading scoped package data from /home/victor/Desktop/share@victor/node_modules/yargs/package.json
549 verbose installManyTop reading scoped package data from /home/victor/Desktop/share@victor/node_modules/yargs-parser/package.json
550 verbose installManyTop reading scoped package data from /home/victor/Desktop/share@victor/node_modules/yauzl/package.json
551 verbose installManyTop reading scoped package data from /home/victor/Desktop/share@victor/node_modules/yeast/package.json
552 info package.json after@0.8.1 No license field.
553 info package.json arr-flatten@1.0.1 license should be a valid SPDX license expression
554 info package.json array-unique@0.2.1 license should be a valid SPDX license expression
555 info package.json arraybuffer.slice@0.0.6 No license field.
556 info package.json asap@1.0.0 No repository field.
557 info package.json asap@1.0.0 No license field.
558 info package.json asn1@0.1.11 No license field.
559 info package.json assert-plus@0.1.5 No license field.
560 info package.json async-foreach@0.1.3 No license field.
561 info package.json base64-arraybuffer@0.1.2 No license field.
562 info package.json base64id@0.1.0 No license field.
563 info package.json batch@0.5.3 No license field.
564 info package.json benchmark@1.0.0 No license field.
565 info package.json better-assert@1.0.2 No license field.
566 info package.json blob@0.0.4 No license field.
567 info package.json browser-sync@1.9.2 No license field.
568 info package.json browser-sync-client@1.0.2 No license field.
569 info package.json callsite@1.0.0 No repository field.
570 info package.json callsite@1.0.0 No license field.
571 info package.json cli@0.6.6 No license field.
572 info package.json coa@1.0.1 No license field.
573 info package.json component-bind@1.0.0 No license field.
574 info package.json component-emitter@1.1.2 No license field.
575 info package.json component-inherit@0.0.3 No license field.
576 info package.json console-browserify@1.1.0 No license field.
577 info package.json console-stream@0.1.1 No license field.
578 info package.json css@1.0.8 No repository field.
579 info package.json css@1.0.8 No license field.
580 info package.json css-parse@1.0.4 No repository field.
581 info package.json css-parse@1.0.4 No license field.
582 info package.json css-stringify@1.0.5 No repository field.
583 info package.json css-stringify@1.0.5 No license field.
584 info package.json ctype@0.5.3 No license field.
585 info package.json date-now@0.1.4 No license field.
586 info package.json deprecated@0.0.1 No license field.
587 info package.json dev-ip@0.1.7 No license field.
588 info package.json domelementtype@1.3.0 No license field.
589 info package.json domutils@1.5.1 No license field.
590 info package.json domhandler@2.3.0 No license field.
591 info package.json duplexer2@0.0.2 license should be a valid SPDX license expression
592 info package.json easy-extender@2.3.2 No license field.
593 info package.json eazy-logger@2.1.3 No license field.
594 info package.json engine.io-parser@1.2.4 No license field.
595 info package.json entities@1.0.0 license should be a valid SPDX license expression
596 info package.json exit@0.1.2 No license field.
597 info package.json filename-regex@2.0.0 license should be a valid SPDX license expression
598 info package.json findup-sync@0.3.0 No license field.
599 info package.json flagged-respawn@0.3.2 No license field.
600 info package.json gaze@0.5.2 No license field.
601 info package.json glob@3.1.21 license should be a valid SPDX license expression
602 info package.json glob-base@0.3.0 license should be a valid SPDX license expression
603 info package.json glob-stream@3.1.18 No license field.
604 info package.json glob-watcher@0.0.7 No license field.
605 info package.json glob2base@0.0.12 No license field.
606 info package.json globule@0.1.0 No license field.
607 info package.json graceful-fs@1.2.3 license should be a valid SPDX license expression
608 info package.json gulp-rename@1.2.2 No license field.
609 info package.json gulp-load-plugins@1.2.4 No README data
610 info package.json has-binary@0.1.7 No repository field.
611 info package.json indexof@0.0.1 No repository field.
612 info package.json indexof@0.0.1 No license field.
613 info package.json inherits@1.0.2 No license field.
614 info package.json is-absolute@0.1.7 license should be a valid SPDX license expression
615 info package.json is-primitive@2.0.0 license should be a valid SPDX license expression
616 info package.json is-relative@0.1.3 No license field.
617 info package.json js-base64@2.1.9 license should be a valid SPDX license expression
618 info package.json json3@3.2.6 No license field.
619 info package.json jsonify@0.0.0 license should be a valid SPDX license expression
620 info package.json longest@1.0.1 license should be a valid SPDX license expression
621 info package.json mime@1.3.4 No license field.
622 info package.json ms@0.7.1 No license field.
623 info package.json node-uuid@1.4.7 No license field.
624 info package.json object-component@0.0.3 No repository field.
625 info package.json object-component@0.0.3 No license field.
626 info package.json optimist@0.3.7 license should be a valid SPDX license expression
627 info package.json options@0.0.6 No license field.
628 info package.json orchestrator@0.3.7 No license field.
629 info package.json parsejson@0.0.1 No repository field.
630 info package.json parseqs@0.0.2 No repository field.
631 info package.json portscanner@1.0.0 No license field.
632 info package.json portscanner-plus@0.2.1 No license field.
633 info package.json preserve@0.2.0 license should be a valid SPDX license expression
634 info package.json q@1.4.1 license should be a valid SPDX license expression
635 info package.json rechoir@0.6.2 No license field.
636 info package.json repeat-element@1.1.2 license should be a valid SPDX license expression
637 info package.json replace-ext@0.0.1 No license field.
638 info package.json resp-modifier@1.0.2 No license field.
639 info package.json sequencify@0.0.7 No license field.
640 info package.json shelljs@0.3.0 license should be a valid SPDX license expression
641 info package.json sntp@1.0.9 No license field.
642 info package.json source-map@0.1.43 No license field.
643 info package.json string_decoder@0.10.31 string_decoder is also the name of a node core module.
644 info package.json strip-dirs@1.1.1 No license field.
645 info package.json symbol@0.2.3 license should be a valid SPDX license expression
646 info package.json to-array@0.1.4 No license field.
647 info package.json ua-parser-js@0.7.10 No license field.
648 info package.json uglify-save-license@0.4.1 No license field.
649 info package.json unique-stream@1.0.0 license should be a valid SPDX license expression
650 info package.json utils-merge@1.0.0 No license field.
651 info package.json v8flags@2.0.11 No license field.
652 info package.json vinyl-fs@0.3.14 No license field.
653 info package.json xmlhttprequest-ssl@1.5.1 No license field.
654 verbose readDependencies loading dependencies from /home/victor/Desktop/share@victor/package.json
655 silly cache add args [ 'jekyll-sitemap', null ]
656 verbose cache add spec jekyll-sitemap
657 silly cache add parsed spec Result {
657 silly cache add   raw: 'jekyll-sitemap',
657 silly cache add   scope: null,
657 silly cache add   name: 'jekyll-sitemap',
657 silly cache add   rawSpec: '',
657 silly cache add   spec: 'latest',
657 silly cache add   type: 'tag' }
658 silly addNamed jekyll-sitemap@latest
659 verbose addNamed "latest" is being treated as a dist-tag for jekyll-sitemap
660 info addNameTag [ 'jekyll-sitemap', 'latest' ]
661 silly mapToRegistry name jekyll-sitemap
662 silly mapToRegistry using default registry
663 silly mapToRegistry registry https://registry.npmjs.org/
664 silly mapToRegistry data Result {
664 silly mapToRegistry   raw: 'jekyll-sitemap',
664 silly mapToRegistry   scope: null,
664 silly mapToRegistry   name: 'jekyll-sitemap',
664 silly mapToRegistry   rawSpec: '',
664 silly mapToRegistry   spec: 'latest',
664 silly mapToRegistry   type: 'tag' }
665 silly mapToRegistry uri https://registry.npmjs.org/jekyll-sitemap
666 verbose addNameTag registry:https://registry.npmjs.org/jekyll-sitemap not in flight; fetching
667 verbose request uri https://registry.npmjs.org/jekyll-sitemap
668 verbose request no auth needed
669 info attempt registry request try #1 at 09:49:50
670 verbose request id 953e7601421919da
671 http request GET https://registry.npmjs.org/jekyll-sitemap
672 http 404 https://registry.npmjs.org/jekyll-sitemap
673 verbose headers { 'content-type': 'application/json',
673 verbose headers   'cache-control': 'max-age=0',
673 verbose headers   'content-length': '2',
673 verbose headers   'accept-ranges': 'bytes',
673 verbose headers   date: 'Thu, 30 Jun 2016 12:49:51 GMT',
673 verbose headers   via: '1.1 varnish',
673 verbose headers   age: '0',
673 verbose headers   connection: 'keep-alive',
673 verbose headers   'x-served-by': 'cache-atl6224-ATL',
673 verbose headers   'x-cache': 'MISS',
673 verbose headers   'x-cache-hits': '0',
673 verbose headers   'x-timer': 'S1467290991.674785,VS0,VE83',
673 verbose headers   vary: 'Accept-Encoding' }
674 silly get cb [ 404,
674 silly get   { 'content-type': 'application/json',
674 silly get     'cache-control': 'max-age=0',
674 silly get     'content-length': '2',
674 silly get     'accept-ranges': 'bytes',
674 silly get     date: 'Thu, 30 Jun 2016 12:49:51 GMT',
674 silly get     via: '1.1 varnish',
674 silly get     age: '0',
674 silly get     connection: 'keep-alive',
674 silly get     'x-served-by': 'cache-atl6224-ATL',
674 silly get     'x-cache': 'MISS',
674 silly get     'x-cache-hits': '0',
674 silly get     'x-timer': 'S1467290991.674785,VS0,VE83',
674 silly get     vary: 'Accept-Encoding' } ]
675 verbose stack Error: Registry returned 404 for GET on https://registry.npmjs.org/jekyll-sitemap
675 verbose stack     at makeError (/home/victor/.nvm/versions/node/v4.4.5/lib/node_modules/npm/node_modules/npm-registry-client/lib/request.js:264:12)
675 verbose stack     at CachingRegistryClient.<anonymous> (/home/victor/.nvm/versions/node/v4.4.5/lib/node_modules/npm/node_modules/npm-registry-client/lib/request.js:242:14)
675 verbose stack     at Request._callback (/home/victor/.nvm/versions/node/v4.4.5/lib/node_modules/npm/node_modules/npm-registry-client/lib/request.js:172:14)
675 verbose stack     at Request.self.callback (/home/victor/.nvm/versions/node/v4.4.5/lib/node_modules/npm/node_modules/request/request.js:200:22)
675 verbose stack     at emitTwo (events.js:87:13)
675 verbose stack     at Request.emit (events.js:172:7)
675 verbose stack     at Request.<anonymous> (/home/victor/.nvm/versions/node/v4.4.5/lib/node_modules/npm/node_modules/request/request.js:1067:10)
675 verbose stack     at emitOne (events.js:82:20)
675 verbose stack     at Request.emit (events.js:169:7)
675 verbose stack     at IncomingMessage.<anonymous> (/home/victor/.nvm/versions/node/v4.4.5/lib/node_modules/npm/node_modules/request/request.js:988:12)
676 verbose statusCode 404
677 verbose pkgid jekyll-sitemap
678 verbose cwd /home/victor/Desktop/share@victor
679 error Linux 4.6.3-1-ARCH
680 error argv "/home/victor/.nvm/versions/node/v4.4.5/bin/node" "/home/victor/.nvm/versions/node/v4.4.5/bin/npm" "install" "jekyll-sitemap"
681 error node v4.4.5
682 error npm  v2.15.5
683 error code E404
684 error 404 Registry returned 404 for GET on https://registry.npmjs.org/jekyll-sitemap
684 error 404
684 error 404 'jekyll-sitemap' is not in the npm registry.
684 error 404 You should bug the author to publish it (or use the name yourself!)
684 error 404 It was specified as a dependency of 'jekyll-gulp-sass-jade-browser-sync'
684 error 404
684 error 404 Note that you can also install from a
684 error 404 tarball, folder, http url, or git url.
685 verbose exit [ 1, true ]
